{"C:\\Users\\Win10\\Desktop\\Pedidos\\Backend\\src\\index.js": {"path":"C:\\Users\\Win10\\Desktop\\Pedidos\\Backend\\src\\index.js","statementMap":{"0":{"start":{"line":1,"column":0},"end":{"line":1,"column":27}},"1":{"start":{"line":2,"column":0},"end":{"line":2,"column":49}},"2":{"start":{"line":3,"column":16},"end":{"line":3,"column":34}},"3":{"start":{"line":4,"column":13},"end":{"line":4,"column":28}},"4":{"start":{"line":5,"column":18},"end":{"line":5,"column":40}},"5":{"start":{"line":6,"column":23},"end":{"line":6,"column":57}},"6":{"start":{"line":7,"column":22},"end":{"line":7,"column":55}},"7":{"start":{"line":8,"column":20},"end":{"line":8,"column":51}},"8":{"start":{"line":11,"column":12},"end":{"line":11,"column":21}},"9":{"start":{"line":12,"column":13},"end":{"line":12,"column":37}},"10":{"start":{"line":14,"column":0},"end":{"line":14,"column":12}},"11":{"start":{"line":17,"column":0},"end":{"line":17,"column":16}},"12":{"start":{"line":18,"column":0},"end":{"line":18,"column":24}},"13":{"start":{"line":20,"column":0},"end":{"line":20,"column":38}},"14":{"start":{"line":21,"column":0},"end":{"line":21,"column":36}},"15":{"start":{"line":22,"column":0},"end":{"line":22,"column":32}},"16":{"start":{"line":26,"column":0},"end":{"line":28,"column":3}},"17":{"start":{"line":27,"column":4},"end":{"line":27,"column":59}},"18":{"start":{"line":31,"column":0},"end":{"line":35,"column":1}},"19":{"start":{"line":32,"column":4},"end":{"line":34,"column":7}},"20":{"start":{"line":33,"column":8},"end":{"line":33,"column":70}},"21":{"start":{"line":37,"column":0},"end":{"line":37,"column":21}}},"fnMap":{"0":{"name":"(anonymous_0)","decl":{"start":{"line":26,"column":13},"end":{"line":26,"column":14}},"loc":{"start":{"line":26,"column":27},"end":{"line":28,"column":1}},"line":26},"1":{"name":"(anonymous_1)","decl":{"start":{"line":32,"column":21},"end":{"line":32,"column":22}},"loc":{"start":{"line":32,"column":27},"end":{"line":34,"column":5}},"line":32}},"branchMap":{"0":{"loc":{"start":{"line":12,"column":13},"end":{"line":12,"column":37}},"type":"binary-expr","locations":[{"start":{"line":12,"column":13},"end":{"line":12,"column":29}},{"start":{"line":12,"column":33},"end":{"line":12,"column":37}}],"line":12},"1":{"loc":{"start":{"line":31,"column":0},"end":{"line":35,"column":1}},"type":"if","locations":[{"start":{"line":31,"column":0},"end":{"line":35,"column":1}},{"start":{},"end":{}}],"line":31}},"s":{"0":1,"1":1,"2":1,"3":1,"4":1,"5":1,"6":1,"7":1,"8":1,"9":1,"10":1,"11":1,"12":1,"13":1,"14":1,"15":1,"16":1,"17":0,"18":1,"19":0,"20":0,"21":1},"f":{"0":0,"1":0},"b":{"0":[1,0],"1":[0,1]},"_coverageSchema":"1a1c01bbd47fc00a2c39e90264f33305004495a9","hash":"90923ccdf2b66924ab22aba0f18a281124d5134f"}
,"C:\\Users\\Win10\\Desktop\\Pedidos\\Backend\\src\\config\\db.js": {"path":"C:\\Users\\Win10\\Desktop\\Pedidos\\Backend\\src\\config\\db.js","statementMap":{"0":{"start":{"line":1,"column":17},"end":{"line":1,"column":36}},"1":{"start":{"line":3,"column":18},"end":{"line":11,"column":1}},"2":{"start":{"line":4,"column":4},"end":{"line":10,"column":5}},"3":{"start":{"line":5,"column":21},"end":{"line":5,"column":66}},"4":{"start":{"line":6,"column":8},"end":{"line":6,"column":66}},"5":{"start":{"line":8,"column":8},"end":{"line":8,"column":71}},"6":{"start":{"line":9,"column":8},"end":{"line":9,"column":24}},"7":{"start":{"line":13,"column":0},"end":{"line":13,"column":27}}},"fnMap":{"0":{"name":"(anonymous_0)","decl":{"start":{"line":3,"column":18},"end":{"line":3,"column":19}},"loc":{"start":{"line":3,"column":30},"end":{"line":11,"column":1}},"line":3}},"branchMap":{},"s":{"0":1,"1":1,"2":1,"3":1,"4":1,"5":0,"6":0,"7":1},"f":{"0":1},"b":{},"_coverageSchema":"1a1c01bbd47fc00a2c39e90264f33305004495a9","hash":"52897ed3f4b9f14c0e6e54a01935d720d4c8dc4f"}
,"C:\\Users\\Win10\\Desktop\\Pedidos\\Backend\\src\\models\\Customer.js": {"path":"C:\\Users\\Win10\\Desktop\\Pedidos\\Backend\\src\\models\\Customer.js","statementMap":{"0":{"start":{"line":1,"column":17},"end":{"line":1,"column":36}},"1":{"start":{"line":4,"column":23},"end":{"line":24,"column":24}},"2":{"start":{"line":26,"column":17},"end":{"line":26,"column":59}},"3":{"start":{"line":27,"column":0},"end":{"line":27,"column":26}}},"fnMap":{},"branchMap":{},"s":{"0":1,"1":1,"2":1,"3":1},"f":{},"b":{},"_coverageSchema":"1a1c01bbd47fc00a2c39e90264f33305004495a9","hash":"e8ff83d8cd24866e46ec34198fbff0e7ad01de6f"}
,"C:\\Users\\Win10\\Desktop\\Pedidos\\Backend\\src\\models\\Order.js": {"path":"C:\\Users\\Win10\\Desktop\\Pedidos\\Backend\\src\\models\\Order.js","statementMap":{"0":{"start":{"line":1,"column":17},"end":{"line":1,"column":36}},"1":{"start":{"line":3,"column":20},"end":{"line":11,"column":24}},"2":{"start":{"line":13,"column":0},"end":{"line":13,"column":54}}},"fnMap":{},"branchMap":{},"s":{"0":1,"1":1,"2":1},"f":{},"b":{},"_coverageSchema":"1a1c01bbd47fc00a2c39e90264f33305004495a9","hash":"accdbe114d866ba2e60cb90dfe939e8086dd4bb3"}
,"C:\\Users\\Win10\\Desktop\\Pedidos\\Backend\\src\\models\\Product.js": {"path":"C:\\Users\\Win10\\Desktop\\Pedidos\\Backend\\src\\models\\Product.js","statementMap":{"0":{"start":{"line":1,"column":17},"end":{"line":1,"column":36}},"1":{"start":{"line":3,"column":22},"end":{"line":11,"column":24}},"2":{"start":{"line":13,"column":16},"end":{"line":13,"column":56}},"3":{"start":{"line":15,"column":0},"end":{"line":15,"column":25}}},"fnMap":{},"branchMap":{},"s":{"0":1,"1":1,"2":1,"3":1},"f":{},"b":{},"_coverageSchema":"1a1c01bbd47fc00a2c39e90264f33305004495a9","hash":"249cbf5da7733818a2b6c366562c1469ef45a96b"}
,"C:\\Users\\Win10\\Desktop\\Pedidos\\Backend\\src\\routes\\customerRoutes.js": {"path":"C:\\Users\\Win10\\Desktop\\Pedidos\\Backend\\src\\routes\\customerRoutes.js","statementMap":{"0":{"start":{"line":1,"column":16},"end":{"line":1,"column":34}},"1":{"start":{"line":2,"column":35},"end":{"line":2,"column":63}},"2":{"start":{"line":3,"column":17},"end":{"line":3,"column":46}},"3":{"start":{"line":4,"column":15},"end":{"line":4,"column":31}},"4":{"start":{"line":6,"column":17},"end":{"line":6,"column":36}},"5":{"start":{"line":10,"column":0},"end":{"line":33,"column":2}},"6":{"start":{"line":19,"column":23},"end":{"line":19,"column":44}},"7":{"start":{"line":20,"column":8},"end":{"line":22,"column":9}},"8":{"start":{"line":21,"column":12},"end":{"line":21,"column":68}},"9":{"start":{"line":24,"column":8},"end":{"line":31,"column":9}},"10":{"start":{"line":25,"column":56},"end":{"line":25,"column":64}},"11":{"start":{"line":26,"column":32},"end":{"line":26,"column":81}},"12":{"start":{"line":27,"column":12},"end":{"line":27,"column":37}},"13":{"start":{"line":28,"column":12},"end":{"line":28,"column":46}},"14":{"start":{"line":30,"column":12},"end":{"line":30,"column":61}},"15":{"start":{"line":36,"column":0},"end":{"line":43,"column":3}},"16":{"start":{"line":37,"column":4},"end":{"line":42,"column":5}},"17":{"start":{"line":38,"column":26},"end":{"line":38,"column":47}},"18":{"start":{"line":39,"column":8},"end":{"line":39,"column":28}},"19":{"start":{"line":41,"column":8},"end":{"line":41,"column":57}},"20":{"start":{"line":46,"column":0},"end":{"line":53,"column":3}},"21":{"start":{"line":47,"column":4},"end":{"line":52,"column":5}},"22":{"start":{"line":48,"column":26},"end":{"line":48,"column":47}},"23":{"start":{"line":49,"column":8},"end":{"line":49,"column":74}},"24":{"start":{"line":51,"column":8},"end":{"line":51,"column":57}},"25":{"start":{"line":56,"column":0},"end":{"line":68,"column":3}},"26":{"start":{"line":57,"column":4},"end":{"line":59,"column":5}},"27":{"start":{"line":58,"column":8},"end":{"line":58,"column":64}},"28":{"start":{"line":61,"column":4},"end":{"line":67,"column":5}},"29":{"start":{"line":62,"column":25},"end":{"line":62,"column":63}},"30":{"start":{"line":63,"column":8},"end":{"line":63,"column":89}},"31":{"start":{"line":63,"column":23},"end":{"line":63,"column":89}},"32":{"start":{"line":64,"column":8},"end":{"line":64,"column":27}},"33":{"start":{"line":66,"column":8},"end":{"line":66,"column":57}},"34":{"start":{"line":72,"column":0},"end":{"line":93,"column":2}},"35":{"start":{"line":81,"column":23},"end":{"line":81,"column":44}},"36":{"start":{"line":82,"column":8},"end":{"line":84,"column":9}},"37":{"start":{"line":83,"column":12},"end":{"line":83,"column":68}},"38":{"start":{"line":85,"column":8},"end":{"line":91,"column":9}},"39":{"start":{"line":86,"column":36},"end":{"line":86,"column":108}},"40":{"start":{"line":87,"column":12},"end":{"line":87,"column":100}},"41":{"start":{"line":87,"column":34},"end":{"line":87,"column":100}},"42":{"start":{"line":88,"column":12},"end":{"line":88,"column":38}},"43":{"start":{"line":90,"column":12},"end":{"line":90,"column":61}},"44":{"start":{"line":96,"column":0},"end":{"line":104,"column":3}},"45":{"start":{"line":97,"column":4},"end":{"line":103,"column":5}},"46":{"start":{"line":98,"column":32},"end":{"line":98,"column":79}},"47":{"start":{"line":99,"column":8},"end":{"line":99,"column":96}},"48":{"start":{"line":99,"column":30},"end":{"line":99,"column":96}},"49":{"start":{"line":100,"column":8},"end":{"line":100,"column":65}},"50":{"start":{"line":102,"column":8},"end":{"line":102,"column":57}},"51":{"start":{"line":105,"column":0},"end":{"line":118,"column":3}},"52":{"start":{"line":106,"column":4},"end":{"line":117,"column":5}},"53":{"start":{"line":107,"column":26},"end":{"line":107,"column":34}},"54":{"start":{"line":108,"column":33},"end":{"line":108,"column":66}},"55":{"start":{"line":109,"column":8},"end":{"line":111,"column":9}},"56":{"start":{"line":110,"column":12},"end":{"line":110,"column":86}},"57":{"start":{"line":112,"column":28},"end":{"line":112,"column":50}},"58":{"start":{"line":113,"column":8},"end":{"line":113,"column":33}},"59":{"start":{"line":114,"column":8},"end":{"line":114,"column":42}},"60":{"start":{"line":116,"column":8},"end":{"line":116,"column":71}},"61":{"start":{"line":120,"column":0},"end":{"line":120,"column":24}}},"fnMap":{"0":{"name":"(anonymous_0)","decl":{"start":{"line":18,"column":4},"end":{"line":18,"column":5}},"loc":{"start":{"line":18,"column":24},"end":{"line":32,"column":5}},"line":18},"1":{"name":"(anonymous_1)","decl":{"start":{"line":36,"column":16},"end":{"line":36,"column":17}},"loc":{"start":{"line":36,"column":36},"end":{"line":43,"column":1}},"line":36},"2":{"name":"(anonymous_2)","decl":{"start":{"line":46,"column":23},"end":{"line":46,"column":24}},"loc":{"start":{"line":46,"column":43},"end":{"line":53,"column":1}},"line":46},"3":{"name":"(anonymous_3)","decl":{"start":{"line":56,"column":19},"end":{"line":56,"column":20}},"loc":{"start":{"line":56,"column":39},"end":{"line":68,"column":1}},"line":56},"4":{"name":"(anonymous_4)","decl":{"start":{"line":80,"column":4},"end":{"line":80,"column":5}},"loc":{"start":{"line":80,"column":24},"end":{"line":92,"column":5}},"line":80},"5":{"name":"(anonymous_5)","decl":{"start":{"line":96,"column":22},"end":{"line":96,"column":23}},"loc":{"start":{"line":96,"column":42},"end":{"line":104,"column":1}},"line":96},"6":{"name":"(anonymous_6)","decl":{"start":{"line":105,"column":17},"end":{"line":105,"column":18}},"loc":{"start":{"line":105,"column":37},"end":{"line":118,"column":1}},"line":105}},"branchMap":{"0":{"loc":{"start":{"line":20,"column":8},"end":{"line":22,"column":9}},"type":"if","locations":[{"start":{"line":20,"column":8},"end":{"line":22,"column":9}},{"start":{},"end":{}}],"line":20},"1":{"loc":{"start":{"line":57,"column":4},"end":{"line":59,"column":5}},"type":"if","locations":[{"start":{"line":57,"column":4},"end":{"line":59,"column":5}},{"start":{},"end":{}}],"line":57},"2":{"loc":{"start":{"line":63,"column":8},"end":{"line":63,"column":89}},"type":"if","locations":[{"start":{"line":63,"column":8},"end":{"line":63,"column":89}},{"start":{},"end":{}}],"line":63},"3":{"loc":{"start":{"line":82,"column":8},"end":{"line":84,"column":9}},"type":"if","locations":[{"start":{"line":82,"column":8},"end":{"line":84,"column":9}},{"start":{},"end":{}}],"line":82},"4":{"loc":{"start":{"line":87,"column":12},"end":{"line":87,"column":100}},"type":"if","locations":[{"start":{"line":87,"column":12},"end":{"line":87,"column":100}},{"start":{},"end":{}}],"line":87},"5":{"loc":{"start":{"line":99,"column":8},"end":{"line":99,"column":96}},"type":"if","locations":[{"start":{"line":99,"column":8},"end":{"line":99,"column":96}},{"start":{},"end":{}}],"line":99},"6":{"loc":{"start":{"line":109,"column":8},"end":{"line":111,"column":9}},"type":"if","locations":[{"start":{"line":109,"column":8},"end":{"line":111,"column":9}},{"start":{},"end":{}}],"line":109}},"s":{"0":1,"1":1,"2":1,"3":1,"4":1,"5":1,"6":0,"7":0,"8":0,"9":0,"10":0,"11":0,"12":0,"13":0,"14":0,"15":1,"16":0,"17":0,"18":0,"19":0,"20":1,"21":0,"22":0,"23":0,"24":0,"25":1,"26":0,"27":0,"28":0,"29":0,"30":0,"31":0,"32":0,"33":0,"34":1,"35":0,"36":0,"37":0,"38":0,"39":0,"40":0,"41":0,"42":0,"43":0,"44":1,"45":0,"46":0,"47":0,"48":0,"49":0,"50":0,"51":1,"52":0,"53":0,"54":0,"55":0,"56":0,"57":0,"58":0,"59":0,"60":0,"61":1},"f":{"0":0,"1":0,"2":0,"3":0,"4":0,"5":0,"6":0},"b":{"0":[0,0],"1":[0,0],"2":[0,0],"3":[0,0],"4":[0,0],"5":[0,0],"6":[0,0]},"_coverageSchema":"1a1c01bbd47fc00a2c39e90264f33305004495a9","hash":"af931b7be497c492215fb0c07735976ed93bf7fe"}
,"C:\\Users\\Win10\\Desktop\\Pedidos\\Backend\\src\\routes\\orderRoutes.js": {"path":"C:\\Users\\Win10\\Desktop\\Pedidos\\Backend\\src\\routes\\orderRoutes.js","statementMap":{"0":{"start":{"line":1,"column":16},"end":{"line":1,"column":34}},"1":{"start":{"line":2,"column":14},"end":{"line":2,"column":40}},"2":{"start":{"line":3,"column":17},"end":{"line":3,"column":36}},"3":{"start":{"line":5,"column":15},"end":{"line":5,"column":31}},"4":{"start":{"line":8,"column":0},"end":{"line":32,"column":3}},"5":{"start":{"line":9,"column":4},"end":{"line":31,"column":5}},"6":{"start":{"line":10,"column":59},"end":{"line":10,"column":67}},"7":{"start":{"line":12,"column":8},"end":{"line":14,"column":9}},"8":{"start":{"line":13,"column":12},"end":{"line":13,"column":90}},"9":{"start":{"line":16,"column":8},"end":{"line":18,"column":9}},"10":{"start":{"line":17,"column":12},"end":{"line":17,"column":101}},"11":{"start":{"line":21,"column":30},"end":{"line":21,"column":77}},"12":{"start":{"line":22,"column":8},"end":{"line":24,"column":9}},"13":{"start":{"line":23,"column":12},"end":{"line":23,"column":121}},"14":{"start":{"line":26,"column":25},"end":{"line":26,"column":78}},"15":{"start":{"line":27,"column":8},"end":{"line":27,"column":30}},"16":{"start":{"line":28,"column":8},"end":{"line":28,"column":39}},"17":{"start":{"line":30,"column":8},"end":{"line":30,"column":92}},"18":{"start":{"line":35,"column":0},"end":{"line":47,"column":3}},"19":{"start":{"line":36,"column":4},"end":{"line":46,"column":5}},"20":{"start":{"line":37,"column":23},"end":{"line":37,"column":91}},"21":{"start":{"line":39,"column":8},"end":{"line":41,"column":9}},"22":{"start":{"line":40,"column":12},"end":{"line":40,"column":83}},"23":{"start":{"line":43,"column":8},"end":{"line":43,"column":37}},"24":{"start":{"line":45,"column":8},"end":{"line":45,"column":70}},"25":{"start":{"line":50,"column":0},"end":{"line":63,"column":3}},"26":{"start":{"line":51,"column":4},"end":{"line":53,"column":5}},"27":{"start":{"line":52,"column":8},"end":{"line":52,"column":64}},"28":{"start":{"line":55,"column":4},"end":{"line":62,"column":5}},"29":{"start":{"line":56,"column":22},"end":{"line":56,"column":107}},"30":{"start":{"line":57,"column":8},"end":{"line":57,"column":85}},"31":{"start":{"line":57,"column":20},"end":{"line":57,"column":85}},"32":{"start":{"line":59,"column":8},"end":{"line":59,"column":36}},"33":{"start":{"line":61,"column":8},"end":{"line":61,"column":72}},"34":{"start":{"line":66,"column":0},"end":{"line":82,"column":3}},"35":{"start":{"line":67,"column":4},"end":{"line":69,"column":5}},"36":{"start":{"line":68,"column":8},"end":{"line":68,"column":64}},"37":{"start":{"line":71,"column":4},"end":{"line":81,"column":5}},"38":{"start":{"line":72,"column":29},"end":{"line":72,"column":98}},"39":{"start":{"line":74,"column":8},"end":{"line":76,"column":9}},"40":{"start":{"line":75,"column":12},"end":{"line":75,"column":77}},"41":{"start":{"line":78,"column":8},"end":{"line":78,"column":43}},"42":{"start":{"line":80,"column":8},"end":{"line":80,"column":75}},"43":{"start":{"line":85,"column":0},"end":{"line":99,"column":3}},"44":{"start":{"line":86,"column":4},"end":{"line":88,"column":5}},"45":{"start":{"line":87,"column":8},"end":{"line":87,"column":64}},"46":{"start":{"line":90,"column":4},"end":{"line":98,"column":5}},"47":{"start":{"line":91,"column":29},"end":{"line":91,"column":73}},"48":{"start":{"line":92,"column":8},"end":{"line":94,"column":9}},"49":{"start":{"line":93,"column":12},"end":{"line":93,"column":77}},"50":{"start":{"line":95,"column":8},"end":{"line":95,"column":76}},"51":{"start":{"line":97,"column":8},"end":{"line":97,"column":73}},"52":{"start":{"line":101,"column":0},"end":{"line":101,"column":24}}},"fnMap":{"0":{"name":"(anonymous_0)","decl":{"start":{"line":8,"column":17},"end":{"line":8,"column":18}},"loc":{"start":{"line":8,"column":37},"end":{"line":32,"column":1}},"line":8},"1":{"name":"(anonymous_1)","decl":{"start":{"line":35,"column":16},"end":{"line":35,"column":17}},"loc":{"start":{"line":35,"column":36},"end":{"line":47,"column":1}},"line":35},"2":{"name":"(anonymous_2)","decl":{"start":{"line":50,"column":19},"end":{"line":50,"column":20}},"loc":{"start":{"line":50,"column":39},"end":{"line":63,"column":1}},"line":50},"3":{"name":"(anonymous_3)","decl":{"start":{"line":66,"column":19},"end":{"line":66,"column":20}},"loc":{"start":{"line":66,"column":39},"end":{"line":82,"column":1}},"line":66},"4":{"name":"(anonymous_4)","decl":{"start":{"line":85,"column":22},"end":{"line":85,"column":23}},"loc":{"start":{"line":85,"column":42},"end":{"line":99,"column":1}},"line":85}},"branchMap":{"0":{"loc":{"start":{"line":12,"column":8},"end":{"line":14,"column":9}},"type":"if","locations":[{"start":{"line":12,"column":8},"end":{"line":14,"column":9}},{"start":{},"end":{}}],"line":12},"1":{"loc":{"start":{"line":12,"column":12},"end":{"line":12,"column":49}},"type":"binary-expr","locations":[{"start":{"line":12,"column":12},"end":{"line":12,"column":21}},{"start":{"line":12,"column":25},"end":{"line":12,"column":34}},{"start":{"line":12,"column":38},"end":{"line":12,"column":49}}],"line":12},"2":{"loc":{"start":{"line":16,"column":8},"end":{"line":18,"column":9}},"type":"if","locations":[{"start":{"line":16,"column":8},"end":{"line":18,"column":9}},{"start":{},"end":{}}],"line":16},"3":{"loc":{"start":{"line":16,"column":12},"end":{"line":16,"column":61}},"type":"binary-expr","locations":[{"start":{"line":16,"column":12},"end":{"line":16,"column":36}},{"start":{"line":16,"column":40},"end":{"line":16,"column":61}}],"line":16},"4":{"loc":{"start":{"line":22,"column":8},"end":{"line":24,"column":9}},"type":"if","locations":[{"start":{"line":22,"column":8},"end":{"line":24,"column":9}},{"start":{},"end":{}}],"line":22},"5":{"loc":{"start":{"line":22,"column":12},"end":{"line":22,"column":53}},"type":"binary-expr","locations":[{"start":{"line":22,"column":12},"end":{"line":22,"column":18}},{"start":{"line":22,"column":22},"end":{"line":22,"column":53}}],"line":22},"6":{"loc":{"start":{"line":39,"column":8},"end":{"line":41,"column":9}},"type":"if","locations":[{"start":{"line":39,"column":8},"end":{"line":41,"column":9}},{"start":{},"end":{}}],"line":39},"7":{"loc":{"start":{"line":51,"column":4},"end":{"line":53,"column":5}},"type":"if","locations":[{"start":{"line":51,"column":4},"end":{"line":53,"column":5}},{"start":{},"end":{}}],"line":51},"8":{"loc":{"start":{"line":57,"column":8},"end":{"line":57,"column":85}},"type":"if","locations":[{"start":{"line":57,"column":8},"end":{"line":57,"column":85}},{"start":{},"end":{}}],"line":57},"9":{"loc":{"start":{"line":67,"column":4},"end":{"line":69,"column":5}},"type":"if","locations":[{"start":{"line":67,"column":4},"end":{"line":69,"column":5}},{"start":{},"end":{}}],"line":67},"10":{"loc":{"start":{"line":74,"column":8},"end":{"line":76,"column":9}},"type":"if","locations":[{"start":{"line":74,"column":8},"end":{"line":76,"column":9}},{"start":{},"end":{}}],"line":74},"11":{"loc":{"start":{"line":86,"column":4},"end":{"line":88,"column":5}},"type":"if","locations":[{"start":{"line":86,"column":4},"end":{"line":88,"column":5}},{"start":{},"end":{}}],"line":86},"12":{"loc":{"start":{"line":92,"column":8},"end":{"line":94,"column":9}},"type":"if","locations":[{"start":{"line":92,"column":8},"end":{"line":94,"column":9}},{"start":{},"end":{}}],"line":92}},"s":{"0":1,"1":1,"2":1,"3":1,"4":1,"5":0,"6":0,"7":0,"8":0,"9":0,"10":0,"11":0,"12":0,"13":0,"14":0,"15":0,"16":0,"17":0,"18":1,"19":0,"20":0,"21":0,"22":0,"23":0,"24":0,"25":1,"26":0,"27":0,"28":0,"29":0,"30":0,"31":0,"32":0,"33":0,"34":1,"35":0,"36":0,"37":0,"38":0,"39":0,"40":0,"41":0,"42":0,"43":1,"44":0,"45":0,"46":0,"47":0,"48":0,"49":0,"50":0,"51":0,"52":1},"f":{"0":0,"1":0,"2":0,"3":0,"4":0},"b":{"0":[0,0],"1":[0,0,0],"2":[0,0],"3":[0,0],"4":[0,0],"5":[0,0],"6":[0,0],"7":[0,0],"8":[0,0],"9":[0,0],"10":[0,0],"11":[0,0],"12":[0,0]},"_coverageSchema":"1a1c01bbd47fc00a2c39e90264f33305004495a9","hash":"58fc36e1be4efb55fc3c07a52652adeb677471fe"}
,"C:\\Users\\Win10\\Desktop\\Pedidos\\Backend\\src\\routes\\productRoutes.js": {"path":"C:\\Users\\Win10\\Desktop\\Pedidos\\Backend\\src\\routes\\productRoutes.js","statementMap":{"0":{"start":{"line":1,"column":16},"end":{"line":1,"column":34}},"1":{"start":{"line":2,"column":16},"end":{"line":2,"column":44}},"2":{"start":{"line":3,"column":17},"end":{"line":3,"column":36}},"3":{"start":{"line":5,"column":15},"end":{"line":5,"column":31}},"4":{"start":{"line":8,"column":0},"end":{"line":23,"column":3}},"5":{"start":{"line":9,"column":4},"end":{"line":22,"column":5}},"6":{"start":{"line":10,"column":69},"end":{"line":10,"column":77}},"7":{"start":{"line":12,"column":8},"end":{"line":14,"column":9}},"8":{"start":{"line":13,"column":12},"end":{"line":13,"column":90}},"9":{"start":{"line":16,"column":27},"end":{"line":16,"column":92}},"10":{"start":{"line":17,"column":29},"end":{"line":17,"column":52}},"11":{"start":{"line":19,"column":8},"end":{"line":19,"column":43}},"12":{"start":{"line":21,"column":8},"end":{"line":21,"column":72}},"13":{"start":{"line":26,"column":0},"end":{"line":33,"column":3}},"14":{"start":{"line":27,"column":4},"end":{"line":32,"column":5}},"15":{"start":{"line":28,"column":25},"end":{"line":28,"column":45}},"16":{"start":{"line":29,"column":8},"end":{"line":29,"column":39}},"17":{"start":{"line":31,"column":8},"end":{"line":31,"column":72}},"18":{"start":{"line":36,"column":0},"end":{"line":47,"column":3}},"19":{"start":{"line":37,"column":4},"end":{"line":46,"column":5}},"20":{"start":{"line":38,"column":8},"end":{"line":40,"column":9}},"21":{"start":{"line":39,"column":12},"end":{"line":39,"column":68}},"22":{"start":{"line":41,"column":24},"end":{"line":41,"column":61}},"23":{"start":{"line":42,"column":8},"end":{"line":42,"column":89}},"24":{"start":{"line":42,"column":22},"end":{"line":42,"column":89}},"25":{"start":{"line":43,"column":8},"end":{"line":43,"column":26}},"26":{"start":{"line":45,"column":8},"end":{"line":45,"column":72}},"27":{"start":{"line":50,"column":0},"end":{"line":59,"column":3}},"28":{"start":{"line":51,"column":4},"end":{"line":58,"column":5}},"29":{"start":{"line":52,"column":31},"end":{"line":52,"column":77}},"30":{"start":{"line":53,"column":8},"end":{"line":53,"column":96}},"31":{"start":{"line":53,"column":29},"end":{"line":53,"column":96}},"32":{"start":{"line":55,"column":8},"end":{"line":55,"column":78}},"33":{"start":{"line":57,"column":8},"end":{"line":57,"column":75}},"34":{"start":{"line":61,"column":0},"end":{"line":76,"column":3}},"35":{"start":{"line":62,"column":4},"end":{"line":75,"column":5}},"36":{"start":{"line":63,"column":23},"end":{"line":63,"column":33}},"37":{"start":{"line":64,"column":27},"end":{"line":64,"column":35}},"38":{"start":{"line":66,"column":31},"end":{"line":66,"column":93}},"39":{"start":{"line":68,"column":8},"end":{"line":70,"column":9}},"40":{"start":{"line":69,"column":12},"end":{"line":69,"column":79}},"41":{"start":{"line":72,"column":8},"end":{"line":72,"column":45}},"42":{"start":{"line":74,"column":8},"end":{"line":74,"column":84}},"43":{"start":{"line":78,"column":0},"end":{"line":78,"column":24}}},"fnMap":{"0":{"name":"(anonymous_0)","decl":{"start":{"line":8,"column":17},"end":{"line":8,"column":18}},"loc":{"start":{"line":8,"column":37},"end":{"line":23,"column":1}},"line":8},"1":{"name":"(anonymous_1)","decl":{"start":{"line":26,"column":16},"end":{"line":26,"column":17}},"loc":{"start":{"line":26,"column":36},"end":{"line":33,"column":1}},"line":26},"2":{"name":"(anonymous_2)","decl":{"start":{"line":36,"column":19},"end":{"line":36,"column":20}},"loc":{"start":{"line":36,"column":39},"end":{"line":47,"column":1}},"line":36},"3":{"name":"(anonymous_3)","decl":{"start":{"line":50,"column":22},"end":{"line":50,"column":23}},"loc":{"start":{"line":50,"column":42},"end":{"line":59,"column":1}},"line":50},"4":{"name":"(anonymous_4)","decl":{"start":{"line":61,"column":19},"end":{"line":61,"column":20}},"loc":{"start":{"line":61,"column":39},"end":{"line":76,"column":1}},"line":61}},"branchMap":{"0":{"loc":{"start":{"line":12,"column":8},"end":{"line":14,"column":9}},"type":"if","locations":[{"start":{"line":12,"column":8},"end":{"line":14,"column":9}},{"start":{},"end":{}}],"line":12},"1":{"loc":{"start":{"line":12,"column":12},"end":{"line":12,"column":76}},"type":"binary-expr","locations":[{"start":{"line":12,"column":12},"end":{"line":12,"column":17}},{"start":{"line":12,"column":21},"end":{"line":12,"column":27}},{"start":{"line":12,"column":31},"end":{"line":12,"column":43}},{"start":{"line":12,"column":47},"end":{"line":12,"column":53}},{"start":{"line":12,"column":57},"end":{"line":12,"column":63}},{"start":{"line":12,"column":67},"end":{"line":12,"column":76}}],"line":12},"2":{"loc":{"start":{"line":38,"column":8},"end":{"line":40,"column":9}},"type":"if","locations":[{"start":{"line":38,"column":8},"end":{"line":40,"column":9}},{"start":{},"end":{}}],"line":38},"3":{"loc":{"start":{"line":42,"column":8},"end":{"line":42,"column":89}},"type":"if","locations":[{"start":{"line":42,"column":8},"end":{"line":42,"column":89}},{"start":{},"end":{}}],"line":42},"4":{"loc":{"start":{"line":53,"column":8},"end":{"line":53,"column":96}},"type":"if","locations":[{"start":{"line":53,"column":8},"end":{"line":53,"column":96}},{"start":{},"end":{}}],"line":53},"5":{"loc":{"start":{"line":68,"column":8},"end":{"line":70,"column":9}},"type":"if","locations":[{"start":{"line":68,"column":8},"end":{"line":70,"column":9}},{"start":{},"end":{}}],"line":68}},"s":{"0":1,"1":1,"2":1,"3":1,"4":1,"5":2,"6":2,"7":2,"8":1,"9":1,"10":1,"11":1,"12":0,"13":1,"14":1,"15":1,"16":1,"17":0,"18":1,"19":2,"20":2,"21":1,"22":1,"23":1,"24":0,"25":1,"26":0,"27":1,"28":2,"29":2,"30":2,"31":1,"32":1,"33":0,"34":1,"35":1,"36":1,"37":1,"38":1,"39":1,"40":0,"41":1,"42":0,"43":1},"f":{"0":2,"1":1,"2":2,"3":2,"4":1},"b":{"0":[1,1],"1":[2,1,1,1,1,1],"2":[1,1],"3":[0,1],"4":[1,1],"5":[0,1]},"_coverageSchema":"1a1c01bbd47fc00a2c39e90264f33305004495a9","hash":"702f9e41c60b880f4d6fc827e8f4b20b58cf3c8f"}
}
