{"C:\\Users\\Win10\\Desktop\\Pedidos\\Backend\\src\\index.js": {"path":"C:\\Users\\Win10\\Desktop\\Pedidos\\Backend\\src\\index.js","statementMap":{"0":{"start":{"line":1,"column":0},"end":{"line":1,"column":27}},"1":{"start":{"line":2,"column":0},"end":{"line":2,"column":49}},"2":{"start":{"line":3,"column":16},"end":{"line":3,"column":34}},"3":{"start":{"line":4,"column":13},"end":{"line":4,"column":28}},"4":{"start":{"line":5,"column":18},"end":{"line":5,"column":40}},"5":{"start":{"line":6,"column":23},"end":{"line":6,"column":57}},"6":{"start":{"line":7,"column":22},"end":{"line":7,"column":55}},"7":{"start":{"line":8,"column":20},"end":{"line":8,"column":51}},"8":{"start":{"line":10,"column":12},"end":{"line":10,"column":21}},"9":{"start":{"line":11,"column":13},"end":{"line":11,"column":37}},"10":{"start":{"line":13,"column":0},"end":{"line":13,"column":12}},"11":{"start":{"line":16,"column":0},"end":{"line":16,"column":16}},"12":{"start":{"line":17,"column":0},"end":{"line":17,"column":24}},"13":{"start":{"line":20,"column":0},"end":{"line":20,"column":38}},"14":{"start":{"line":21,"column":0},"end":{"line":21,"column":36}},"15":{"start":{"line":22,"column":0},"end":{"line":22,"column":32}},"16":{"start":{"line":25,"column":0},"end":{"line":27,"column":3}},"17":{"start":{"line":26,"column":4},"end":{"line":26,"column":59}},"18":{"start":{"line":30,"column":0},"end":{"line":34,"column":1}},"19":{"start":{"line":31,"column":4},"end":{"line":33,"column":7}},"20":{"start":{"line":32,"column":8},"end":{"line":32,"column":70}},"21":{"start":{"line":36,"column":0},"end":{"line":36,"column":21}}},"fnMap":{"0":{"name":"(anonymous_0)","decl":{"start":{"line":25,"column":13},"end":{"line":25,"column":14}},"loc":{"start":{"line":25,"column":27},"end":{"line":27,"column":1}},"line":25},"1":{"name":"(anonymous_1)","decl":{"start":{"line":31,"column":21},"end":{"line":31,"column":22}},"loc":{"start":{"line":31,"column":27},"end":{"line":33,"column":5}},"line":31}},"branchMap":{"0":{"loc":{"start":{"line":11,"column":13},"end":{"line":11,"column":37}},"type":"binary-expr","locations":[{"start":{"line":11,"column":13},"end":{"line":11,"column":29}},{"start":{"line":11,"column":33},"end":{"line":11,"column":37}}],"line":11},"1":{"loc":{"start":{"line":30,"column":0},"end":{"line":34,"column":1}},"type":"if","locations":[{"start":{"line":30,"column":0},"end":{"line":34,"column":1}},{"start":{},"end":{}}],"line":30}},"s":{"0":3,"1":3,"2":3,"3":3,"4":3,"5":3,"6":3,"7":3,"8":3,"9":3,"10":3,"11":3,"12":3,"13":3,"14":3,"15":3,"16":3,"17":0,"18":3,"19":0,"20":0,"21":3},"f":{"0":0,"1":0},"b":{"0":[3,0],"1":[0,3]},"_coverageSchema":"1a1c01bbd47fc00a2c39e90264f33305004495a9","hash":"5037dcb1fbd42c5aa398aba512175db097be0cf1"}
,"C:\\Users\\Win10\\Desktop\\Pedidos\\Backend\\src\\config\\db.js": {"path":"C:\\Users\\Win10\\Desktop\\Pedidos\\Backend\\src\\config\\db.js","statementMap":{"0":{"start":{"line":1,"column":17},"end":{"line":1,"column":36}},"1":{"start":{"line":3,"column":18},"end":{"line":11,"column":1}},"2":{"start":{"line":4,"column":4},"end":{"line":10,"column":5}},"3":{"start":{"line":5,"column":21},"end":{"line":5,"column":66}},"4":{"start":{"line":6,"column":8},"end":{"line":6,"column":66}},"5":{"start":{"line":8,"column":8},"end":{"line":8,"column":71}},"6":{"start":{"line":9,"column":8},"end":{"line":9,"column":24}},"7":{"start":{"line":13,"column":0},"end":{"line":13,"column":27}}},"fnMap":{"0":{"name":"(anonymous_0)","decl":{"start":{"line":3,"column":18},"end":{"line":3,"column":19}},"loc":{"start":{"line":3,"column":30},"end":{"line":11,"column":1}},"line":3}},"branchMap":{},"s":{"0":3,"1":3,"2":3,"3":3,"4":3,"5":0,"6":0,"7":3},"f":{"0":3},"b":{},"_coverageSchema":"1a1c01bbd47fc00a2c39e90264f33305004495a9","hash":"52897ed3f4b9f14c0e6e54a01935d720d4c8dc4f"}
,"C:\\Users\\Win10\\Desktop\\Pedidos\\Backend\\src\\models\\Customer.js": {"path":"C:\\Users\\Win10\\Desktop\\Pedidos\\Backend\\src\\models\\Customer.js","statementMap":{"0":{"start":{"line":1,"column":17},"end":{"line":1,"column":36}},"1":{"start":{"line":4,"column":23},"end":{"line":28,"column":1}},"2":{"start":{"line":30,"column":17},"end":{"line":30,"column":59}},"3":{"start":{"line":31,"column":0},"end":{"line":31,"column":26}}},"fnMap":{},"branchMap":{},"s":{"0":3,"1":3,"2":3,"3":3},"f":{},"b":{},"_coverageSchema":"1a1c01bbd47fc00a2c39e90264f33305004495a9","hash":"1fad2d6f2a7fdc6c60d50a1a60a44b7f83174d59"}
,"C:\\Users\\Win10\\Desktop\\Pedidos\\Backend\\src\\models\\Order.js": {"path":"C:\\Users\\Win10\\Desktop\\Pedidos\\Backend\\src\\models\\Order.js","statementMap":{"0":{"start":{"line":1,"column":17},"end":{"line":1,"column":36}},"1":{"start":{"line":3,"column":20},"end":{"line":11,"column":24}},"2":{"start":{"line":13,"column":0},"end":{"line":13,"column":54}}},"fnMap":{},"branchMap":{},"s":{"0":3,"1":3,"2":3},"f":{},"b":{},"_coverageSchema":"1a1c01bbd47fc00a2c39e90264f33305004495a9","hash":"accdbe114d866ba2e60cb90dfe939e8086dd4bb3"}
,"C:\\Users\\Win10\\Desktop\\Pedidos\\Backend\\src\\models\\Product.js": {"path":"C:\\Users\\Win10\\Desktop\\Pedidos\\Backend\\src\\models\\Product.js","statementMap":{"0":{"start":{"line":1,"column":17},"end":{"line":1,"column":36}},"1":{"start":{"line":3,"column":22},"end":{"line":11,"column":24}},"2":{"start":{"line":13,"column":16},"end":{"line":13,"column":56}},"3":{"start":{"line":15,"column":0},"end":{"line":15,"column":25}}},"fnMap":{},"branchMap":{},"s":{"0":3,"1":3,"2":3,"3":3},"f":{},"b":{},"_coverageSchema":"1a1c01bbd47fc00a2c39e90264f33305004495a9","hash":"249cbf5da7733818a2b6c366562c1469ef45a96b"}
,"C:\\Users\\Win10\\Desktop\\Pedidos\\Backend\\src\\routes\\customerRoutes.js": {"path":"C:\\Users\\Win10\\Desktop\\Pedidos\\Backend\\src\\routes\\customerRoutes.js","statementMap":{"0":{"start":{"line":1,"column":16},"end":{"line":1,"column":34}},"1":{"start":{"line":2,"column":15},"end":{"line":2,"column":31}},"2":{"start":{"line":3,"column":17},"end":{"line":3,"column":46}},"3":{"start":{"line":6,"column":0},"end":{"line":25,"column":3}},"4":{"start":{"line":7,"column":4},"end":{"line":24,"column":5}},"5":{"start":{"line":8,"column":46},"end":{"line":8,"column":54}},"6":{"start":{"line":10,"column":8},"end":{"line":10,"column":103}},"7":{"start":{"line":10,"column":23},"end":{"line":10,"column":103}},"8":{"start":{"line":11,"column":8},"end":{"line":11,"column":109}},"9":{"start":{"line":11,"column":44},"end":{"line":11,"column":109}},"10":{"start":{"line":12,"column":8},"end":{"line":12,"column":96}},"11":{"start":{"line":12,"column":23},"end":{"line":12,"column":96}},"12":{"start":{"line":13,"column":8},"end":{"line":13,"column":124}},"13":{"start":{"line":13,"column":33},"end":{"line":13,"column":124}},"14":{"start":{"line":15,"column":33},"end":{"line":15,"column":66}},"15":{"start":{"line":16,"column":8},"end":{"line":16,"column":102}},"16":{"start":{"line":16,"column":30},"end":{"line":16,"column":102}},"17":{"start":{"line":18,"column":28},"end":{"line":18,"column":71}},"18":{"start":{"line":19,"column":8},"end":{"line":19,"column":33}},"19":{"start":{"line":21,"column":8},"end":{"line":21,"column":42}},"20":{"start":{"line":23,"column":8},"end":{"line":23,"column":71}},"21":{"start":{"line":28,"column":0},"end":{"line":35,"column":3}},"22":{"start":{"line":29,"column":4},"end":{"line":34,"column":5}},"23":{"start":{"line":30,"column":26},"end":{"line":30,"column":47}},"24":{"start":{"line":31,"column":8},"end":{"line":31,"column":40}},"25":{"start":{"line":33,"column":8},"end":{"line":33,"column":75}},"26":{"start":{"line":38,"column":0},"end":{"line":51,"column":3}},"27":{"start":{"line":39,"column":4},"end":{"line":50,"column":5}},"28":{"start":{"line":40,"column":23},"end":{"line":40,"column":33}},"29":{"start":{"line":42,"column":8},"end":{"line":42,"column":111}},"30":{"start":{"line":42,"column":44},"end":{"line":42,"column":111}},"31":{"start":{"line":44,"column":25},"end":{"line":44,"column":52}},"32":{"start":{"line":45,"column":8},"end":{"line":45,"column":89}},"33":{"start":{"line":45,"column":23},"end":{"line":45,"column":89}},"34":{"start":{"line":47,"column":8},"end":{"line":47,"column":39}},"35":{"start":{"line":49,"column":8},"end":{"line":49,"column":73}},"36":{"start":{"line":54,"column":0},"end":{"line":69,"column":3}},"37":{"start":{"line":55,"column":4},"end":{"line":68,"column":5}},"38":{"start":{"line":56,"column":23},"end":{"line":56,"column":33}},"39":{"start":{"line":57,"column":25},"end":{"line":57,"column":33}},"40":{"start":{"line":59,"column":8},"end":{"line":59,"column":111}},"41":{"start":{"line":59,"column":44},"end":{"line":59,"column":111}},"42":{"start":{"line":60,"column":8},"end":{"line":60,"column":147}},"43":{"start":{"line":60,"column":59},"end":{"line":60,"column":147}},"44":{"start":{"line":62,"column":32},"end":{"line":62,"column":93}},"45":{"start":{"line":63,"column":8},"end":{"line":63,"column":96}},"46":{"start":{"line":63,"column":30},"end":{"line":63,"column":96}},"47":{"start":{"line":65,"column":8},"end":{"line":65,"column":46}},"48":{"start":{"line":67,"column":8},"end":{"line":67,"column":76}},"49":{"start":{"line":72,"column":0},"end":{"line":85,"column":3}},"50":{"start":{"line":73,"column":4},"end":{"line":84,"column":5}},"51":{"start":{"line":74,"column":23},"end":{"line":74,"column":33}},"52":{"start":{"line":76,"column":8},"end":{"line":76,"column":111}},"53":{"start":{"line":76,"column":44},"end":{"line":76,"column":111}},"54":{"start":{"line":78,"column":32},"end":{"line":78,"column":68}},"55":{"start":{"line":79,"column":8},"end":{"line":79,"column":96}},"56":{"start":{"line":79,"column":30},"end":{"line":79,"column":96}},"57":{"start":{"line":81,"column":8},"end":{"line":81,"column":77}},"58":{"start":{"line":83,"column":8},"end":{"line":83,"column":74}},"59":{"start":{"line":87,"column":0},"end":{"line":87,"column":24}}},"fnMap":{"0":{"name":"(anonymous_0)","decl":{"start":{"line":6,"column":17},"end":{"line":6,"column":18}},"loc":{"start":{"line":6,"column":37},"end":{"line":25,"column":1}},"line":6},"1":{"name":"(anonymous_1)","decl":{"start":{"line":28,"column":16},"end":{"line":28,"column":17}},"loc":{"start":{"line":28,"column":36},"end":{"line":35,"column":1}},"line":28},"2":{"name":"(anonymous_2)","decl":{"start":{"line":38,"column":19},"end":{"line":38,"column":20}},"loc":{"start":{"line":38,"column":39},"end":{"line":51,"column":1}},"line":38},"3":{"name":"(anonymous_3)","decl":{"start":{"line":54,"column":19},"end":{"line":54,"column":20}},"loc":{"start":{"line":54,"column":39},"end":{"line":69,"column":1}},"line":54},"4":{"name":"(anonymous_4)","decl":{"start":{"line":72,"column":22},"end":{"line":72,"column":23}},"loc":{"start":{"line":72,"column":42},"end":{"line":85,"column":1}},"line":72}},"branchMap":{"0":{"loc":{"start":{"line":10,"column":8},"end":{"line":10,"column":103}},"type":"if","locations":[{"start":{"line":10,"column":8},"end":{"line":10,"column":103}},{"start":{},"end":{}}],"line":10},"1":{"loc":{"start":{"line":11,"column":8},"end":{"line":11,"column":109}},"type":"if","locations":[{"start":{"line":11,"column":8},"end":{"line":11,"column":109}},{"start":{},"end":{}}],"line":11},"2":{"loc":{"start":{"line":11,"column":12},"end":{"line":11,"column":42}},"type":"binary-expr","locations":[{"start":{"line":11,"column":12},"end":{"line":11,"column":18}},{"start":{"line":11,"column":22},"end":{"line":11,"column":42}}],"line":11},"3":{"loc":{"start":{"line":12,"column":8},"end":{"line":12,"column":96}},"type":"if","locations":[{"start":{"line":12,"column":8},"end":{"line":12,"column":96}},{"start":{},"end":{}}],"line":12},"4":{"loc":{"start":{"line":13,"column":8},"end":{"line":13,"column":124}},"type":"if","locations":[{"start":{"line":13,"column":8},"end":{"line":13,"column":124}},{"start":{},"end":{}}],"line":13},"5":{"loc":{"start":{"line":16,"column":8},"end":{"line":16,"column":102}},"type":"if","locations":[{"start":{"line":16,"column":8},"end":{"line":16,"column":102}},{"start":{},"end":{}}],"line":16},"6":{"loc":{"start":{"line":42,"column":8},"end":{"line":42,"column":111}},"type":"if","locations":[{"start":{"line":42,"column":8},"end":{"line":42,"column":111}},{"start":{},"end":{}}],"line":42},"7":{"loc":{"start":{"line":45,"column":8},"end":{"line":45,"column":89}},"type":"if","locations":[{"start":{"line":45,"column":8},"end":{"line":45,"column":89}},{"start":{},"end":{}}],"line":45},"8":{"loc":{"start":{"line":59,"column":8},"end":{"line":59,"column":111}},"type":"if","locations":[{"start":{"line":59,"column":8},"end":{"line":59,"column":111}},{"start":{},"end":{}}],"line":59},"9":{"loc":{"start":{"line":60,"column":8},"end":{"line":60,"column":147}},"type":"if","locations":[{"start":{"line":60,"column":8},"end":{"line":60,"column":147}},{"start":{},"end":{}}],"line":60},"10":{"loc":{"start":{"line":60,"column":12},"end":{"line":60,"column":57}},"type":"binary-expr","locations":[{"start":{"line":60,"column":12},"end":{"line":60,"column":16}},{"start":{"line":60,"column":20},"end":{"line":60,"column":57}}],"line":60},"11":{"loc":{"start":{"line":63,"column":8},"end":{"line":63,"column":96}},"type":"if","locations":[{"start":{"line":63,"column":8},"end":{"line":63,"column":96}},{"start":{},"end":{}}],"line":63},"12":{"loc":{"start":{"line":76,"column":8},"end":{"line":76,"column":111}},"type":"if","locations":[{"start":{"line":76,"column":8},"end":{"line":76,"column":111}},{"start":{},"end":{}}],"line":76},"13":{"loc":{"start":{"line":79,"column":8},"end":{"line":79,"column":96}},"type":"if","locations":[{"start":{"line":79,"column":8},"end":{"line":79,"column":96}},{"start":{},"end":{}}],"line":79}},"s":{"0":3,"1":3,"2":3,"3":3,"4":7,"5":7,"6":7,"7":0,"8":7,"9":2,"10":5,"11":0,"12":5,"13":0,"14":5,"15":5,"16":0,"17":5,"18":5,"19":5,"20":0,"21":3,"22":0,"23":0,"24":0,"25":0,"26":3,"27":2,"28":2,"29":2,"30":1,"31":1,"32":1,"33":0,"34":1,"35":0,"36":3,"37":1,"38":1,"39":1,"40":1,"41":0,"42":1,"43":0,"44":1,"45":1,"46":0,"47":1,"48":0,"49":3,"50":1,"51":1,"52":1,"53":0,"54":1,"55":1,"56":0,"57":1,"58":0,"59":3},"f":{"0":7,"1":0,"2":2,"3":1,"4":1},"b":{"0":[0,7],"1":[2,5],"2":[7,6],"3":[0,5],"4":[0,5],"5":[0,5],"6":[1,1],"7":[0,1],"8":[0,1],"9":[0,1],"10":[1,0],"11":[0,1],"12":[0,1],"13":[0,1]},"_coverageSchema":"1a1c01bbd47fc00a2c39e90264f33305004495a9","hash":"1c1c75550838f80d4cbe221c274b66137c29bab1"}
,"C:\\Users\\Win10\\Desktop\\Pedidos\\Backend\\src\\routes\\orderRoutes.js": {"path":"C:\\Users\\Win10\\Desktop\\Pedidos\\Backend\\src\\routes\\orderRoutes.js","statementMap":{"0":{"start":{"line":1,"column":16},"end":{"line":1,"column":34}},"1":{"start":{"line":2,"column":14},"end":{"line":2,"column":40}},"2":{"start":{"line":3,"column":17},"end":{"line":3,"column":36}},"3":{"start":{"line":5,"column":15},"end":{"line":5,"column":31}},"4":{"start":{"line":8,"column":0},"end":{"line":32,"column":3}},"5":{"start":{"line":9,"column":4},"end":{"line":31,"column":5}},"6":{"start":{"line":10,"column":59},"end":{"line":10,"column":67}},"7":{"start":{"line":12,"column":8},"end":{"line":14,"column":9}},"8":{"start":{"line":13,"column":12},"end":{"line":13,"column":90}},"9":{"start":{"line":16,"column":8},"end":{"line":18,"column":9}},"10":{"start":{"line":17,"column":12},"end":{"line":17,"column":101}},"11":{"start":{"line":21,"column":30},"end":{"line":21,"column":77}},"12":{"start":{"line":22,"column":8},"end":{"line":24,"column":9}},"13":{"start":{"line":23,"column":12},"end":{"line":23,"column":121}},"14":{"start":{"line":26,"column":25},"end":{"line":26,"column":78}},"15":{"start":{"line":27,"column":8},"end":{"line":27,"column":30}},"16":{"start":{"line":28,"column":8},"end":{"line":28,"column":39}},"17":{"start":{"line":30,"column":8},"end":{"line":30,"column":92}},"18":{"start":{"line":35,"column":0},"end":{"line":47,"column":3}},"19":{"start":{"line":36,"column":4},"end":{"line":46,"column":5}},"20":{"start":{"line":37,"column":23},"end":{"line":37,"column":91}},"21":{"start":{"line":39,"column":8},"end":{"line":41,"column":9}},"22":{"start":{"line":40,"column":12},"end":{"line":40,"column":83}},"23":{"start":{"line":43,"column":8},"end":{"line":43,"column":37}},"24":{"start":{"line":45,"column":8},"end":{"line":45,"column":70}},"25":{"start":{"line":50,"column":0},"end":{"line":63,"column":3}},"26":{"start":{"line":51,"column":4},"end":{"line":53,"column":5}},"27":{"start":{"line":52,"column":8},"end":{"line":52,"column":64}},"28":{"start":{"line":55,"column":4},"end":{"line":62,"column":5}},"29":{"start":{"line":56,"column":22},"end":{"line":56,"column":107}},"30":{"start":{"line":57,"column":8},"end":{"line":57,"column":85}},"31":{"start":{"line":57,"column":20},"end":{"line":57,"column":85}},"32":{"start":{"line":59,"column":8},"end":{"line":59,"column":36}},"33":{"start":{"line":61,"column":8},"end":{"line":61,"column":72}},"34":{"start":{"line":66,"column":0},"end":{"line":82,"column":3}},"35":{"start":{"line":67,"column":4},"end":{"line":69,"column":5}},"36":{"start":{"line":68,"column":8},"end":{"line":68,"column":64}},"37":{"start":{"line":71,"column":4},"end":{"line":81,"column":5}},"38":{"start":{"line":72,"column":29},"end":{"line":72,"column":98}},"39":{"start":{"line":74,"column":8},"end":{"line":76,"column":9}},"40":{"start":{"line":75,"column":12},"end":{"line":75,"column":77}},"41":{"start":{"line":78,"column":8},"end":{"line":78,"column":43}},"42":{"start":{"line":80,"column":8},"end":{"line":80,"column":75}},"43":{"start":{"line":85,"column":0},"end":{"line":99,"column":3}},"44":{"start":{"line":86,"column":4},"end":{"line":88,"column":5}},"45":{"start":{"line":87,"column":8},"end":{"line":87,"column":64}},"46":{"start":{"line":90,"column":4},"end":{"line":98,"column":5}},"47":{"start":{"line":91,"column":29},"end":{"line":91,"column":73}},"48":{"start":{"line":92,"column":8},"end":{"line":94,"column":9}},"49":{"start":{"line":93,"column":12},"end":{"line":93,"column":77}},"50":{"start":{"line":95,"column":8},"end":{"line":95,"column":76}},"51":{"start":{"line":97,"column":8},"end":{"line":97,"column":73}},"52":{"start":{"line":101,"column":0},"end":{"line":101,"column":24}}},"fnMap":{"0":{"name":"(anonymous_0)","decl":{"start":{"line":8,"column":17},"end":{"line":8,"column":18}},"loc":{"start":{"line":8,"column":37},"end":{"line":32,"column":1}},"line":8},"1":{"name":"(anonymous_1)","decl":{"start":{"line":35,"column":16},"end":{"line":35,"column":17}},"loc":{"start":{"line":35,"column":36},"end":{"line":47,"column":1}},"line":35},"2":{"name":"(anonymous_2)","decl":{"start":{"line":50,"column":19},"end":{"line":50,"column":20}},"loc":{"start":{"line":50,"column":39},"end":{"line":63,"column":1}},"line":50},"3":{"name":"(anonymous_3)","decl":{"start":{"line":66,"column":19},"end":{"line":66,"column":20}},"loc":{"start":{"line":66,"column":39},"end":{"line":82,"column":1}},"line":66},"4":{"name":"(anonymous_4)","decl":{"start":{"line":85,"column":22},"end":{"line":85,"column":23}},"loc":{"start":{"line":85,"column":42},"end":{"line":99,"column":1}},"line":85}},"branchMap":{"0":{"loc":{"start":{"line":12,"column":8},"end":{"line":14,"column":9}},"type":"if","locations":[{"start":{"line":12,"column":8},"end":{"line":14,"column":9}},{"start":{},"end":{}}],"line":12},"1":{"loc":{"start":{"line":12,"column":12},"end":{"line":12,"column":49}},"type":"binary-expr","locations":[{"start":{"line":12,"column":12},"end":{"line":12,"column":21}},{"start":{"line":12,"column":25},"end":{"line":12,"column":34}},{"start":{"line":12,"column":38},"end":{"line":12,"column":49}}],"line":12},"2":{"loc":{"start":{"line":16,"column":8},"end":{"line":18,"column":9}},"type":"if","locations":[{"start":{"line":16,"column":8},"end":{"line":18,"column":9}},{"start":{},"end":{}}],"line":16},"3":{"loc":{"start":{"line":16,"column":12},"end":{"line":16,"column":61}},"type":"binary-expr","locations":[{"start":{"line":16,"column":12},"end":{"line":16,"column":36}},{"start":{"line":16,"column":40},"end":{"line":16,"column":61}}],"line":16},"4":{"loc":{"start":{"line":22,"column":8},"end":{"line":24,"column":9}},"type":"if","locations":[{"start":{"line":22,"column":8},"end":{"line":24,"column":9}},{"start":{},"end":{}}],"line":22},"5":{"loc":{"start":{"line":22,"column":12},"end":{"line":22,"column":53}},"type":"binary-expr","locations":[{"start":{"line":22,"column":12},"end":{"line":22,"column":18}},{"start":{"line":22,"column":22},"end":{"line":22,"column":53}}],"line":22},"6":{"loc":{"start":{"line":39,"column":8},"end":{"line":41,"column":9}},"type":"if","locations":[{"start":{"line":39,"column":8},"end":{"line":41,"column":9}},{"start":{},"end":{}}],"line":39},"7":{"loc":{"start":{"line":51,"column":4},"end":{"line":53,"column":5}},"type":"if","locations":[{"start":{"line":51,"column":4},"end":{"line":53,"column":5}},{"start":{},"end":{}}],"line":51},"8":{"loc":{"start":{"line":57,"column":8},"end":{"line":57,"column":85}},"type":"if","locations":[{"start":{"line":57,"column":8},"end":{"line":57,"column":85}},{"start":{},"end":{}}],"line":57},"9":{"loc":{"start":{"line":67,"column":4},"end":{"line":69,"column":5}},"type":"if","locations":[{"start":{"line":67,"column":4},"end":{"line":69,"column":5}},{"start":{},"end":{}}],"line":67},"10":{"loc":{"start":{"line":74,"column":8},"end":{"line":76,"column":9}},"type":"if","locations":[{"start":{"line":74,"column":8},"end":{"line":76,"column":9}},{"start":{},"end":{}}],"line":74},"11":{"loc":{"start":{"line":86,"column":4},"end":{"line":88,"column":5}},"type":"if","locations":[{"start":{"line":86,"column":4},"end":{"line":88,"column":5}},{"start":{},"end":{}}],"line":86},"12":{"loc":{"start":{"line":92,"column":8},"end":{"line":94,"column":9}},"type":"if","locations":[{"start":{"line":92,"column":8},"end":{"line":94,"column":9}},{"start":{},"end":{}}],"line":92}},"s":{"0":3,"1":3,"2":3,"3":3,"4":3,"5":3,"6":3,"7":3,"8":0,"9":3,"10":1,"11":2,"12":2,"13":1,"14":1,"15":1,"16":1,"17":0,"18":3,"19":1,"20":1,"21":1,"22":1,"23":0,"24":0,"25":3,"26":2,"27":1,"28":1,"29":1,"30":1,"31":0,"32":1,"33":0,"34":3,"35":3,"36":1,"37":2,"38":2,"39":2,"40":1,"41":1,"42":0,"43":3,"44":3,"45":1,"46":2,"47":2,"48":2,"49":1,"50":1,"51":0,"52":3},"f":{"0":3,"1":1,"2":2,"3":3,"4":3},"b":{"0":[0,3],"1":[3,3,3],"2":[1,2],"3":[3,3],"4":[1,1],"5":[2,2],"6":[1,0],"7":[1,1],"8":[0,1],"9":[1,2],"10":[1,1],"11":[1,2],"12":[1,1]},"_coverageSchema":"1a1c01bbd47fc00a2c39e90264f33305004495a9","hash":"58fc36e1be4efb55fc3c07a52652adeb677471fe"}
,"C:\\Users\\Win10\\Desktop\\Pedidos\\Backend\\src\\routes\\productRoutes.js": {"path":"C:\\Users\\Win10\\Desktop\\Pedidos\\Backend\\src\\routes\\productRoutes.js","statementMap":{"0":{"start":{"line":1,"column":16},"end":{"line":1,"column":34}},"1":{"start":{"line":2,"column":16},"end":{"line":2,"column":44}},"2":{"start":{"line":3,"column":17},"end":{"line":3,"column":36}},"3":{"start":{"line":5,"column":15},"end":{"line":5,"column":31}},"4":{"start":{"line":8,"column":0},"end":{"line":23,"column":3}},"5":{"start":{"line":9,"column":4},"end":{"line":22,"column":5}},"6":{"start":{"line":10,"column":69},"end":{"line":10,"column":77}},"7":{"start":{"line":12,"column":8},"end":{"line":14,"column":9}},"8":{"start":{"line":13,"column":12},"end":{"line":13,"column":90}},"9":{"start":{"line":16,"column":27},"end":{"line":16,"column":92}},"10":{"start":{"line":17,"column":29},"end":{"line":17,"column":52}},"11":{"start":{"line":19,"column":8},"end":{"line":19,"column":43}},"12":{"start":{"line":21,"column":8},"end":{"line":21,"column":72}},"13":{"start":{"line":26,"column":0},"end":{"line":33,"column":3}},"14":{"start":{"line":27,"column":4},"end":{"line":32,"column":5}},"15":{"start":{"line":28,"column":25},"end":{"line":28,"column":45}},"16":{"start":{"line":29,"column":8},"end":{"line":29,"column":39}},"17":{"start":{"line":31,"column":8},"end":{"line":31,"column":72}},"18":{"start":{"line":36,"column":0},"end":{"line":47,"column":3}},"19":{"start":{"line":37,"column":4},"end":{"line":46,"column":5}},"20":{"start":{"line":38,"column":8},"end":{"line":40,"column":9}},"21":{"start":{"line":39,"column":12},"end":{"line":39,"column":68}},"22":{"start":{"line":41,"column":24},"end":{"line":41,"column":61}},"23":{"start":{"line":42,"column":8},"end":{"line":42,"column":89}},"24":{"start":{"line":42,"column":22},"end":{"line":42,"column":89}},"25":{"start":{"line":43,"column":8},"end":{"line":43,"column":26}},"26":{"start":{"line":45,"column":8},"end":{"line":45,"column":72}},"27":{"start":{"line":50,"column":0},"end":{"line":59,"column":3}},"28":{"start":{"line":51,"column":4},"end":{"line":58,"column":5}},"29":{"start":{"line":52,"column":31},"end":{"line":52,"column":77}},"30":{"start":{"line":53,"column":8},"end":{"line":53,"column":96}},"31":{"start":{"line":53,"column":29},"end":{"line":53,"column":96}},"32":{"start":{"line":55,"column":8},"end":{"line":55,"column":78}},"33":{"start":{"line":57,"column":8},"end":{"line":57,"column":75}},"34":{"start":{"line":61,"column":0},"end":{"line":76,"column":3}},"35":{"start":{"line":62,"column":4},"end":{"line":75,"column":5}},"36":{"start":{"line":63,"column":23},"end":{"line":63,"column":33}},"37":{"start":{"line":64,"column":27},"end":{"line":64,"column":35}},"38":{"start":{"line":66,"column":31},"end":{"line":66,"column":93}},"39":{"start":{"line":68,"column":8},"end":{"line":70,"column":9}},"40":{"start":{"line":69,"column":12},"end":{"line":69,"column":79}},"41":{"start":{"line":72,"column":8},"end":{"line":72,"column":45}},"42":{"start":{"line":74,"column":8},"end":{"line":74,"column":84}},"43":{"start":{"line":78,"column":0},"end":{"line":78,"column":24}}},"fnMap":{"0":{"name":"(anonymous_0)","decl":{"start":{"line":8,"column":17},"end":{"line":8,"column":18}},"loc":{"start":{"line":8,"column":37},"end":{"line":23,"column":1}},"line":8},"1":{"name":"(anonymous_1)","decl":{"start":{"line":26,"column":16},"end":{"line":26,"column":17}},"loc":{"start":{"line":26,"column":36},"end":{"line":33,"column":1}},"line":26},"2":{"name":"(anonymous_2)","decl":{"start":{"line":36,"column":19},"end":{"line":36,"column":20}},"loc":{"start":{"line":36,"column":39},"end":{"line":47,"column":1}},"line":36},"3":{"name":"(anonymous_3)","decl":{"start":{"line":50,"column":22},"end":{"line":50,"column":23}},"loc":{"start":{"line":50,"column":42},"end":{"line":59,"column":1}},"line":50},"4":{"name":"(anonymous_4)","decl":{"start":{"line":61,"column":19},"end":{"line":61,"column":20}},"loc":{"start":{"line":61,"column":39},"end":{"line":76,"column":1}},"line":61}},"branchMap":{"0":{"loc":{"start":{"line":12,"column":8},"end":{"line":14,"column":9}},"type":"if","locations":[{"start":{"line":12,"column":8},"end":{"line":14,"column":9}},{"start":{},"end":{}}],"line":12},"1":{"loc":{"start":{"line":12,"column":12},"end":{"line":12,"column":76}},"type":"binary-expr","locations":[{"start":{"line":12,"column":12},"end":{"line":12,"column":17}},{"start":{"line":12,"column":21},"end":{"line":12,"column":27}},{"start":{"line":12,"column":31},"end":{"line":12,"column":43}},{"start":{"line":12,"column":47},"end":{"line":12,"column":53}},{"start":{"line":12,"column":57},"end":{"line":12,"column":63}},{"start":{"line":12,"column":67},"end":{"line":12,"column":76}}],"line":12},"2":{"loc":{"start":{"line":38,"column":8},"end":{"line":40,"column":9}},"type":"if","locations":[{"start":{"line":38,"column":8},"end":{"line":40,"column":9}},{"start":{},"end":{}}],"line":38},"3":{"loc":{"start":{"line":42,"column":8},"end":{"line":42,"column":89}},"type":"if","locations":[{"start":{"line":42,"column":8},"end":{"line":42,"column":89}},{"start":{},"end":{}}],"line":42},"4":{"loc":{"start":{"line":53,"column":8},"end":{"line":53,"column":96}},"type":"if","locations":[{"start":{"line":53,"column":8},"end":{"line":53,"column":96}},{"start":{},"end":{}}],"line":53},"5":{"loc":{"start":{"line":68,"column":8},"end":{"line":70,"column":9}},"type":"if","locations":[{"start":{"line":68,"column":8},"end":{"line":70,"column":9}},{"start":{},"end":{}}],"line":68}},"s":{"0":3,"1":3,"2":3,"3":3,"4":3,"5":3,"6":3,"7":3,"8":1,"9":2,"10":2,"11":2,"12":0,"13":3,"14":1,"15":1,"16":1,"17":0,"18":3,"19":2,"20":2,"21":1,"22":1,"23":1,"24":0,"25":1,"26":0,"27":3,"28":2,"29":2,"30":2,"31":1,"32":1,"33":0,"34":3,"35":1,"36":1,"37":1,"38":1,"39":1,"40":0,"41":1,"42":0,"43":3},"f":{"0":3,"1":1,"2":2,"3":2,"4":1},"b":{"0":[1,2],"1":[3,2,2,2,2,2],"2":[1,1],"3":[0,1],"4":[1,1],"5":[0,1]},"_coverageSchema":"1a1c01bbd47fc00a2c39e90264f33305004495a9","hash":"702f9e41c60b880f4d6fc827e8f4b20b58cf3c8f"}
}
