TN:
SF:src\index.js
FN:26,(anonymous_0)
FN:32,(anonymous_1)
FNF:2
FNH:0
FNDA:0,(anonymous_0)
FNDA:0,(anonymous_1)
DA:1,1
DA:2,1
DA:3,1
DA:4,1
DA:5,1
DA:6,1
DA:7,1
DA:8,1
DA:11,1
DA:12,1
DA:14,1
DA:17,1
DA:18,1
DA:20,1
DA:21,1
DA:22,1
DA:26,1
DA:27,0
DA:31,1
DA:32,0
DA:33,0
DA:37,1
LF:22
LH:19
BRDA:12,0,0,1
BRDA:12,0,1,0
BRDA:31,1,0,0
BRDA:31,1,1,1
BRF:4
BRH:2
end_of_record
TN:
SF:src\config\db.js
FN:3,(anonymous_0)
FNF:1
FNH:1
FNDA:1,(anonymous_0)
DA:1,1
DA:3,1
DA:4,1
DA:5,1
DA:6,1
DA:8,0
DA:9,0
DA:13,1
LF:8
LH:6
BRF:0
BRH:0
end_of_record
TN:
SF:src\models\Customer.js
FNF:0
FNH:0
DA:1,1
DA:4,1
DA:26,1
DA:27,1
LF:4
LH:4
BRF:0
BRH:0
end_of_record
TN:
SF:src\models\Order.js
FNF:0
FNH:0
DA:1,1
DA:3,1
DA:13,1
DA:15,1
LF:4
LH:4
BRF:0
BRH:0
end_of_record
TN:
SF:src\models\Product.js
FNF:0
FNH:0
DA:1,1
DA:3,1
DA:13,1
DA:15,1
LF:4
LH:4
BRF:0
BRH:0
end_of_record
TN:
SF:src\routes\customerRoutes.js
FN:18,(anonymous_0)
FN:36,(anonymous_1)
FN:46,(anonymous_2)
FN:56,(anonymous_3)
FN:80,(anonymous_4)
FN:96,(anonymous_5)
FNF:6
FNH:3
FNDA:1,(anonymous_0)
FNDA:0,(anonymous_1)
FNDA:0,(anonymous_2)
FNDA:1,(anonymous_3)
FNDA:0,(anonymous_4)
FNDA:2,(anonymous_5)
DA:1,1
DA:2,1
DA:3,1
DA:4,1
DA:6,1
DA:10,1
DA:19,1
DA:20,1
DA:21,0
DA:24,1
DA:25,1
DA:26,1
DA:27,1
DA:28,1
DA:30,0
DA:36,1
DA:37,0
DA:38,0
DA:39,0
DA:41,0
DA:46,1
DA:47,0
DA:48,0
DA:49,0
DA:51,0
DA:56,1
DA:57,1
DA:58,0
DA:61,1
DA:62,1
DA:63,1
DA:64,1
DA:66,0
DA:72,1
DA:81,0
DA:82,0
DA:83,0
DA:85,0
DA:86,0
DA:87,0
DA:88,0
DA:90,0
DA:96,1
DA:97,2
DA:98,2
DA:99,2
DA:100,1
DA:102,0
DA:106,1
LF:49
LH:28
BRDA:20,0,0,0
BRDA:20,0,1,1
BRDA:57,1,0,0
BRDA:57,1,1,1
BRDA:63,2,0,0
BRDA:63,2,1,1
BRDA:82,3,0,0
BRDA:82,3,1,0
BRDA:87,4,0,0
BRDA:87,4,1,0
BRDA:99,5,0,1
BRDA:99,5,1,1
BRF:12
BRH:5
end_of_record
TN:
SF:src\routes\orderRoutes.js
FN:9,(anonymous_0)
FN:21,(anonymous_1)
FN:32,(anonymous_2)
FN:42,(anonymous_3)
FN:56,(anonymous_4)
FN:67,(anonymous_5)
FNF:6
FNH:0
FNDA:0,(anonymous_0)
FNDA:0,(anonymous_1)
FNDA:0,(anonymous_2)
FNDA:0,(anonymous_3)
FNDA:0,(anonymous_4)
FNDA:0,(anonymous_5)
DA:1,1
DA:2,1
DA:4,1
DA:5,1
DA:9,1
DA:10,0
DA:11,0
DA:12,0
DA:13,0
DA:14,0
DA:16,0
DA:21,1
DA:22,0
DA:23,0
DA:26,0
DA:28,0
DA:32,1
DA:33,0
DA:34,0
DA:35,0
DA:37,0
DA:42,1
DA:43,0
DA:44,0
DA:47,0
DA:48,0
DA:50,0
DA:56,1
DA:57,0
DA:58,0
DA:59,0
DA:60,0
DA:62,0
DA:67,1
DA:68,0
DA:69,0
DA:70,0
DA:71,0
DA:73,0
DA:79,1
LF:40
LH:11
BRDA:47,0,0,0
BRDA:47,0,1,0
BRDA:59,1,0,0
BRDA:59,1,1,0
BRDA:70,2,0,0
BRDA:70,2,1,0
BRF:6
BRH:0
end_of_record
TN:
SF:src\routes\productRoutes.js
FN:16,(anonymous_0)
FN:34,(anonymous_1)
FN:44,(anonymous_2)
FN:56,(anonymous_3)
FN:67,(anonymous_4)
FN:78,(anonymous_5)
FNF:6
FNH:0
FNDA:0,(anonymous_0)
FNDA:0,(anonymous_1)
FNDA:0,(anonymous_2)
FNDA:0,(anonymous_3)
FNDA:0,(anonymous_4)
FNDA:0,(anonymous_5)
DA:1,1
DA:2,1
DA:3,1
DA:5,1
DA:8,1
DA:17,0
DA:18,0
DA:19,0
DA:22,0
DA:23,0
DA:24,0
DA:25,0
DA:26,0
DA:28,0
DA:34,1
DA:35,0
DA:36,0
DA:37,0
DA:39,0
DA:44,1
DA:45,0
DA:46,0
DA:47,0
DA:49,0
DA:56,1
DA:57,0
DA:58,0
DA:59,0
DA:60,0
DA:62,0
DA:67,1
DA:68,0
DA:69,0
DA:70,0
DA:71,0
DA:73,0
DA:78,1
DA:79,0
DA:80,0
DA:81,0
DA:82,0
DA:84,0
DA:88,1
LF:43
LH:11
BRDA:18,0,0,0
BRDA:18,0,1,0
BRDA:59,1,0,0
BRDA:59,1,1,0
BRDA:70,2,0,0
BRDA:70,2,1,0
BRDA:81,3,0,0
BRDA:81,3,1,0
BRF:8
BRH:0
end_of_record
