TN:
SF:src\index.js
FN:26,(anonymous_0)
FN:32,(anonymous_1)
FNF:2
FNH:0
FNDA:0,(anonymous_0)
FNDA:0,(anonymous_1)
DA:1,3
DA:2,3
DA:3,3
DA:4,3
DA:5,3
DA:6,3
DA:7,3
DA:8,3
DA:11,3
DA:12,3
DA:14,3
DA:17,3
DA:18,3
DA:20,3
DA:21,3
DA:22,3
DA:26,3
DA:27,0
DA:31,3
DA:32,0
DA:33,0
DA:37,3
LF:22
LH:19
BRDA:12,0,0,3
BRDA:12,0,1,0
BRDA:31,1,0,0
BRDA:31,1,1,3
BRF:4
BRH:2
end_of_record
TN:
SF:src\config\db.js
FN:3,(anonymous_0)
FNF:1
FNH:1
FNDA:3,(anonymous_0)
DA:1,3
DA:3,3
DA:4,3
DA:5,3
DA:6,3
DA:8,0
DA:9,0
DA:13,3
LF:8
LH:6
BRF:0
BRH:0
end_of_record
TN:
SF:src\models\Customer.js
FNF:0
FNH:0
DA:1,3
DA:4,3
DA:26,3
DA:27,3
LF:4
LH:4
BRF:0
BRH:0
end_of_record
TN:
SF:src\models\Order.js
FNF:0
FNH:0
DA:1,3
DA:3,3
DA:13,3
LF:3
LH:3
BRF:0
BRH:0
end_of_record
TN:
SF:src\models\Product.js
FNF:0
FNH:0
DA:1,3
DA:3,3
DA:13,3
DA:15,3
LF:4
LH:4
BRF:0
BRH:0
end_of_record
TN:
SF:src\routes\customerRoutes.js
FN:18,(anonymous_0)
FN:36,(anonymous_1)
FN:46,(anonymous_2)
FN:56,(anonymous_3)
FN:80,(anonymous_4)
FN:96,(anonymous_5)
FNF:6
FNH:5
FNDA:2,(anonymous_0)
FNDA:1,(anonymous_1)
FNDA:0,(anonymous_2)
FNDA:2,(anonymous_3)
FNDA:1,(anonymous_4)
FNDA:2,(anonymous_5)
DA:1,3
DA:2,3
DA:3,3
DA:4,3
DA:6,3
DA:10,3
DA:19,2
DA:20,2
DA:21,0
DA:24,2
DA:25,2
DA:26,2
DA:27,2
DA:28,2
DA:30,0
DA:36,3
DA:37,1
DA:38,1
DA:39,1
DA:41,0
DA:46,3
DA:47,0
DA:48,0
DA:49,0
DA:51,0
DA:56,3
DA:57,2
DA:58,1
DA:61,1
DA:62,1
DA:63,1
DA:64,1
DA:66,0
DA:72,3
DA:81,1
DA:82,1
DA:83,0
DA:85,1
DA:86,1
DA:87,1
DA:88,1
DA:90,0
DA:96,3
DA:97,2
DA:98,2
DA:99,2
DA:100,1
DA:102,0
DA:106,3
LF:49
LH:38
BRDA:20,0,0,0
BRDA:20,0,1,2
BRDA:57,1,0,1
BRDA:57,1,1,1
BRDA:63,2,0,0
BRDA:63,2,1,1
BRDA:82,3,0,0
BRDA:82,3,1,1
BRDA:87,4,0,0
BRDA:87,4,1,1
BRDA:99,5,0,1
BRDA:99,5,1,1
BRF:12
BRH:8
end_of_record
TN:
SF:src\routes\orderRoutes.js
FN:8,(anonymous_0)
FN:35,(anonymous_1)
FN:50,(anonymous_2)
FN:66,(anonymous_3)
FN:85,(anonymous_4)
FNF:5
FNH:5
FNDA:3,(anonymous_0)
FNDA:1,(anonymous_1)
FNDA:2,(anonymous_2)
FNDA:3,(anonymous_3)
FNDA:3,(anonymous_4)
DA:1,3
DA:2,3
DA:3,3
DA:5,3
DA:8,3
DA:9,3
DA:10,3
DA:12,3
DA:13,0
DA:16,3
DA:17,1
DA:21,2
DA:22,2
DA:23,1
DA:26,1
DA:27,1
DA:28,1
DA:30,0
DA:35,3
DA:36,1
DA:37,1
DA:39,1
DA:40,1
DA:43,0
DA:45,0
DA:50,3
DA:51,2
DA:52,1
DA:55,1
DA:56,1
DA:57,1
DA:59,1
DA:61,0
DA:66,3
DA:67,3
DA:68,1
DA:71,2
DA:72,2
DA:74,2
DA:75,1
DA:78,1
DA:80,0
DA:85,3
DA:86,3
DA:87,1
DA:90,2
DA:91,2
DA:92,2
DA:93,1
DA:95,1
DA:97,0
DA:101,3
LF:52
LH:45
BRDA:12,0,0,0
BRDA:12,0,1,3
BRDA:12,1,0,3
BRDA:12,1,1,3
BRDA:12,1,2,3
BRDA:16,2,0,1
BRDA:16,2,1,2
BRDA:16,3,0,3
BRDA:16,3,1,3
BRDA:22,4,0,1
BRDA:22,4,1,1
BRDA:22,5,0,2
BRDA:22,5,1,2
BRDA:39,6,0,1
BRDA:39,6,1,0
BRDA:51,7,0,1
BRDA:51,7,1,1
BRDA:57,8,0,0
BRDA:57,8,1,1
BRDA:67,9,0,1
BRDA:67,9,1,2
BRDA:74,10,0,1
BRDA:74,10,1,1
BRDA:86,11,0,1
BRDA:86,11,1,2
BRDA:92,12,0,1
BRDA:92,12,1,1
BRF:27
BRH:24
end_of_record
TN:
SF:src\routes\productRoutes.js
FN:8,(anonymous_0)
FN:25,(anonymous_1)
FN:35,(anonymous_2)
FN:50,(anonymous_3)
FNF:4
FNH:4
FNDA:3,(anonymous_0)
FNDA:1,(anonymous_1)
FNDA:2,(anonymous_2)
FNDA:2,(anonymous_3)
DA:1,3
DA:2,3
DA:3,3
DA:5,3
DA:8,3
DA:9,3
DA:10,3
DA:12,3
DA:13,1
DA:16,2
DA:17,2
DA:18,2
DA:20,0
DA:25,3
DA:26,1
DA:27,1
DA:28,1
DA:30,0
DA:35,3
DA:36,2
DA:37,1
DA:40,1
DA:41,1
DA:42,1
DA:43,1
DA:45,0
DA:50,3
DA:51,2
DA:52,2
DA:53,2
DA:55,1
DA:57,0
DA:61,3
LF:33
LH:29
BRDA:12,0,0,1
BRDA:12,0,1,2
BRDA:12,1,0,3
BRDA:12,1,1,2
BRDA:12,1,2,2
BRDA:12,1,3,2
BRDA:12,1,4,2
BRDA:12,1,5,2
BRDA:36,2,0,1
BRDA:36,2,1,1
BRDA:42,3,0,0
BRDA:42,3,1,1
BRDA:53,4,0,1
BRDA:53,4,1,1
BRF:14
BRH:13
end_of_record
